<?xml version="1.0" encoding="utf-8"?><testsuites name="pytest tests"><testsuite name="pytest" errors="0" failures="0" skipped="0" tests="6" time="1.201" timestamp="2026-07-13T15:19:42.719245+00:00" hostname="agent-env-e7d66c30-9687-4d75-be61-d38b52362812"><testcase classname="tests.test_novel_api" name="test_novel_meta" time="0.201" /><testcase classname="tests.test_novel_api" name="test_chapters_list" time="0.052" /><testcase classname="tests.test_novel_api" name="test_chapter_24" time="0.078" /><testcase classname="tests.test_novel_api" name="test_chapter_25_not_found" time="0.051" /><testcase classname="tests.test_novel_api" name="test_chapter_17" time="0.073" /><testcase classname="tests.test_novel_api" name="test_pdf_accessible" time="0.171" /></testsuite></testsuites>